Analysis & Synthesis report for 3156lab2
Fri Jun 21 13:00:45 2024
Quartus II 64-Bit Version 13.0.1 Build 232 06/12/2013 Service Pack 1 SJ Web Edition


---------------------
; Table of Contents ;
---------------------
  1. Legal Notice
  2. Analysis & Synthesis Summary
  3. Analysis & Synthesis Settings
  4. Parallel Compilation
  5. Analysis & Synthesis Source Files Read
  6. Analysis & Synthesis Resource Usage Summary
  7. Analysis & Synthesis Resource Utilization by Entity
  8. General Register Statistics
  9. Multiplexer Restructuring Statistics (Restructuring Performed)
 10. Parameter Settings for User Entity Instance: RegisterFile:inst|mux8to1:mux1
 11. Parameter Settings for User Entity Instance: RegisterFile:inst|mux8to1:mux1|mux4to1:mux1
 12. Parameter Settings for User Entity Instance: RegisterFile:inst|mux8to1:mux1|mux4to1:mux0
 13. Parameter Settings for User Entity Instance: RegisterFile:inst|mux8to1:mux1|mux2to1:mux
 14. Parameter Settings for User Entity Instance: RegisterFile:inst|mux8to1:mux2
 15. Parameter Settings for User Entity Instance: RegisterFile:inst|mux8to1:mux2|mux4to1:mux1
 16. Parameter Settings for User Entity Instance: RegisterFile:inst|mux8to1:mux2|mux4to1:mux0
 17. Parameter Settings for User Entity Instance: RegisterFile:inst|mux8to1:mux2|mux2to1:mux
 18. Port Connectivity Checks: "RegisterFile:inst|ByteRegister:\loop1:7:Reg|enARdFF_2:ff0"
 19. Port Connectivity Checks: "RegisterFile:inst|ByteRegister:\loop1:7:Reg|enARdFF_2:ff1"
 20. Port Connectivity Checks: "RegisterFile:inst|ByteRegister:\loop1:7:Reg|enARdFF_2:ff2"
 21. Port Connectivity Checks: "RegisterFile:inst|ByteRegister:\loop1:7:Reg|enARdFF_2:ff3"
 22. Port Connectivity Checks: "RegisterFile:inst|ByteRegister:\loop1:7:Reg|enARdFF_2:ff4"
 23. Port Connectivity Checks: "RegisterFile:inst|ByteRegister:\loop1:7:Reg|enARdFF_2:ff5"
 24. Port Connectivity Checks: "RegisterFile:inst|ByteRegister:\loop1:7:Reg|enARdFF_2:ff6"
 25. Port Connectivity Checks: "RegisterFile:inst|ByteRegister:\loop1:7:Reg|enARdFF_2:ff7"
 26. Port Connectivity Checks: "RegisterFile:inst|Decode3to8:decoder"
 27. Elapsed Time Per Partition
 28. Analysis & Synthesis Messages



----------------
; Legal Notice ;
----------------
Copyright (C) 1991-2013 Altera Corporation
Your use of Altera Corporation's design tools, logic functions 
and other software and tools, and its AMPP partner logic 
functions, and any output files from any of the foregoing 
(including device programming or simulation files), and any 
associated documentation or information are expressly subject 
to the terms and conditions of the Altera Program License 
Subscription Agreement, Altera MegaCore Function License 
Agreement, or other applicable license agreement, including, 
without limitation, that your use is for the sole purpose of 
programming logic devices manufactured by Altera and sold by 
Altera or its authorized distributors.  Please refer to the 
applicable agreement for further details.



+--------------------------------------------------------------------------------------+
; Analysis & Synthesis Summary                                                         ;
+------------------------------------+-------------------------------------------------+
; Analysis & Synthesis Status        ; Successful - Fri Jun 21 13:00:45 2024           ;
; Quartus II 64-Bit Version          ; 13.0.1 Build 232 06/12/2013 SP 1 SJ Web Edition ;
; Revision Name                      ; 3156lab2                                        ;
; Top-level Entity Name              ; RegsiterFIleTest                                ;
; Family                             ; Cyclone IV E                                    ;
; Total logic elements               ; 152                                             ;
;     Total combinational functions  ; 88                                              ;
;     Dedicated logic registers      ; 64                                              ;
; Total registers                    ; 64                                              ;
; Total pins                         ; 106                                             ;
; Total virtual pins                 ; 0                                               ;
; Total memory bits                  ; 0                                               ;
; Embedded Multiplier 9-bit elements ; 0                                               ;
; Total PLLs                         ; 0                                               ;
+------------------------------------+-------------------------------------------------+


+----------------------------------------------------------------------------------------------------------------------+
; Analysis & Synthesis Settings                                                                                        ;
+----------------------------------------------------------------------------+--------------------+--------------------+
; Option                                                                     ; Setting            ; Default Value      ;
+----------------------------------------------------------------------------+--------------------+--------------------+
; Device                                                                     ; EP4CE115F29C7      ;                    ;
; Top-level entity name                                                      ; RegsiterFIleTest   ; 3156lab2           ;
; Family name                                                                ; Cyclone IV E       ; Cyclone IV GX      ;
; Use smart compilation                                                      ; Off                ; Off                ;
; Enable parallel Assembler and TimeQuest Timing Analyzer during compilation ; On                 ; On                 ;
; Enable compact report table                                                ; Off                ; Off                ;
; Restructure Multiplexers                                                   ; Auto               ; Auto               ;
; Create Debugging Nodes for IP Cores                                        ; Off                ; Off                ;
; Preserve fewer node names                                                  ; On                 ; On                 ;
; Disable OpenCore Plus hardware evaluation                                  ; Off                ; Off                ;
; Verilog Version                                                            ; Verilog_2001       ; Verilog_2001       ;
; VHDL Version                                                               ; VHDL_1993          ; VHDL_1993          ;
; State Machine Processing                                                   ; Auto               ; Auto               ;
; Safe State Machine                                                         ; Off                ; Off                ;
; Extract Verilog State Machines                                             ; On                 ; On                 ;
; Extract VHDL State Machines                                                ; On                 ; On                 ;
; Ignore Verilog initial constructs                                          ; Off                ; Off                ;
; Iteration limit for constant Verilog loops                                 ; 5000               ; 5000               ;
; Iteration limit for non-constant Verilog loops                             ; 250                ; 250                ;
; Add Pass-Through Logic to Inferred RAMs                                    ; On                 ; On                 ;
; Infer RAMs from Raw Logic                                                  ; On                 ; On                 ;
; Parallel Synthesis                                                         ; On                 ; On                 ;
; DSP Block Balancing                                                        ; Auto               ; Auto               ;
; NOT Gate Push-Back                                                         ; On                 ; On                 ;
; Power-Up Don't Care                                                        ; On                 ; On                 ;
; Remove Redundant Logic Cells                                               ; Off                ; Off                ;
; Remove Duplicate Registers                                                 ; On                 ; On                 ;
; Ignore CARRY Buffers                                                       ; Off                ; Off                ;
; Ignore CASCADE Buffers                                                     ; Off                ; Off                ;
; Ignore GLOBAL Buffers                                                      ; Off                ; Off                ;
; Ignore ROW GLOBAL Buffers                                                  ; Off                ; Off                ;
; Ignore LCELL Buffers                                                       ; Off                ; Off                ;
; Ignore SOFT Buffers                                                        ; On                 ; On                 ;
; Limit AHDL Integers to 32 Bits                                             ; Off                ; Off                ;
; Optimization Technique                                                     ; Balanced           ; Balanced           ;
; Carry Chain Length                                                         ; 70                 ; 70                 ;
; Auto Carry Chains                                                          ; On                 ; On                 ;
; Auto Open-Drain Pins                                                       ; On                 ; On                 ;
; Perform WYSIWYG Primitive Resynthesis                                      ; Off                ; Off                ;
; Auto ROM Replacement                                                       ; On                 ; On                 ;
; Auto RAM Replacement                                                       ; On                 ; On                 ;
; Auto DSP Block Replacement                                                 ; On                 ; On                 ;
; Auto Shift Register Replacement                                            ; Auto               ; Auto               ;
; Allow Shift Register Merging across Hierarchies                            ; Auto               ; Auto               ;
; Auto Clock Enable Replacement                                              ; On                 ; On                 ;
; Strict RAM Replacement                                                     ; Off                ; Off                ;
; Allow Synchronous Control Signals                                          ; On                 ; On                 ;
; Force Use of Synchronous Clear Signals                                     ; Off                ; Off                ;
; Auto RAM Block Balancing                                                   ; On                 ; On                 ;
; Auto RAM to Logic Cell Conversion                                          ; Off                ; Off                ;
; Auto Resource Sharing                                                      ; Off                ; Off                ;
; Allow Any RAM Size For Recognition                                         ; Off                ; Off                ;
; Allow Any ROM Size For Recognition                                         ; Off                ; Off                ;
; Allow Any Shift Register Size For Recognition                              ; Off                ; Off                ;
; Use LogicLock Constraints during Resource Balancing                        ; On                 ; On                 ;
; Ignore translate_off and synthesis_off directives                          ; Off                ; Off                ;
; Timing-Driven Synthesis                                                    ; On                 ; On                 ;
; Report Parameter Settings                                                  ; On                 ; On                 ;
; Report Source Assignments                                                  ; On                 ; On                 ;
; Report Connectivity Checks                                                 ; On                 ; On                 ;
; Ignore Maximum Fan-Out Assignments                                         ; Off                ; Off                ;
; Synchronization Register Chain Length                                      ; 2                  ; 2                  ;
; PowerPlay Power Optimization                                               ; Normal compilation ; Normal compilation ;
; HDL message level                                                          ; Level2             ; Level2             ;
; Suppress Register Optimization Related Messages                            ; Off                ; Off                ;
; Number of Removed Registers Reported in Synthesis Report                   ; 5000               ; 5000               ;
; Number of Swept Nodes Reported in Synthesis Report                         ; 5000               ; 5000               ;
; Number of Inverted Registers Reported in Synthesis Report                  ; 100                ; 100                ;
; Clock MUX Protection                                                       ; On                 ; On                 ;
; Auto Gated Clock Conversion                                                ; Off                ; Off                ;
; Block Design Naming                                                        ; Auto               ; Auto               ;
; SDC constraint protection                                                  ; Off                ; Off                ;
; Synthesis Effort                                                           ; Auto               ; Auto               ;
; Shift Register Replacement - Allow Asynchronous Clear Signal               ; On                 ; On                 ;
; Pre-Mapping Resynthesis Optimization                                       ; Off                ; Off                ;
; Analysis & Synthesis Message Level                                         ; Medium             ; Medium             ;
; Disable Register Merging Across Hierarchies                                ; Auto               ; Auto               ;
; Resource Aware Inference For Block RAM                                     ; On                 ; On                 ;
; Synthesis Seed                                                             ; 1                  ; 1                  ;
+----------------------------------------------------------------------------+--------------------+--------------------+


Parallel compilation was disabled, but you have multiple processors available. Enable parallel compilation to reduce compilation time.
+-------------------------------------+
; Parallel Compilation                ;
+----------------------------+--------+
; Processors                 ; Number ;
+----------------------------+--------+
; Number detected on machine ; 20     ;
; Maximum allowed            ; 1      ;
+----------------------------+--------+


+---------------------------------------------------------------------------------------------------------------------------------------------------------+
; Analysis & Synthesis Source Files Read                                                                                                                  ;
+----------------------------------+-----------------+------------------------------------+-----------------------------------------------------+---------+
; File Name with User-Entered Path ; Used in Netlist ; File Type                          ; File Name with Absolute Path                        ; Library ;
+----------------------------------+-----------------+------------------------------------+-----------------------------------------------------+---------+
; mux2to1.vhd                      ; yes             ; User VHDL File                     ; H:/qyang063/Documents/3156lab2/mux2to1.vhd          ;         ;
; enardFF_2.vhd                    ; yes             ; User VHDL File                     ; H:/qyang063/Documents/3156lab2/enardFF_2.vhd        ;         ;
; RegisterFile.vhd                 ; yes             ; User VHDL File                     ; H:/qyang063/Documents/3156lab2/RegisterFile.vhd     ;         ;
; mux8to1.vhd                      ; yes             ; User VHDL File                     ; H:/qyang063/Documents/3156lab2/mux8to1.vhd          ;         ;
; mux4to1.vhd                      ; yes             ; User VHDL File                     ; H:/qyang063/Documents/3156lab2/mux4to1.vhd          ;         ;
; Decode3to8.vhd                   ; yes             ; User VHDL File                     ; H:/qyang063/Documents/3156lab2/Decode3to8.vhd       ;         ;
; Decode2to4.vhd                   ; yes             ; User VHDL File                     ; H:/qyang063/Documents/3156lab2/Decode2to4.vhd       ;         ;
; ByteRegister.vhd                 ; yes             ; User VHDL File                     ; H:/qyang063/Documents/3156lab2/ByteRegister.vhd     ;         ;
; RegsiterFIleTest.bdf             ; yes             ; User Block Diagram/Schematic File  ; H:/qyang063/Documents/3156lab2/RegsiterFIleTest.bdf ;         ;
+----------------------------------+-----------------+------------------------------------+-----------------------------------------------------+---------+


+---------------------------------------------------------+
; Analysis & Synthesis Resource Usage Summary             ;
+---------------------------------------------+-----------+
; Resource                                    ; Usage     ;
+---------------------------------------------+-----------+
; Estimated Total logic elements              ; 152       ;
;                                             ;           ;
; Total combinational functions               ; 88        ;
; Logic element usage by number of LUT inputs ;           ;
;     -- 4 input functions                    ; 72        ;
;     -- 3 input functions                    ; 16        ;
;     -- <=2 input functions                  ; 0         ;
;                                             ;           ;
; Logic elements by mode                      ;           ;
;     -- normal mode                          ; 88        ;
;     -- arithmetic mode                      ; 0         ;
;                                             ;           ;
; Total registers                             ; 64        ;
;     -- Dedicated logic registers            ; 64        ;
;     -- I/O registers                        ; 0         ;
;                                             ;           ;
; I/O pins                                    ; 106       ;
; Embedded Multiplier 9-bit elements          ; 0         ;
; Maximum fan-out node                        ; clk~input ;
; Maximum fan-out                             ; 64        ;
; Total fan-out                               ; 778       ;
; Average fan-out                             ; 2.14      ;
+---------------------------------------------+-----------+


+--------------------------------------------------------------------------------------------------------------------------------------------------------------------------------------------------------------------------------------------+
; Analysis & Synthesis Resource Utilization by Entity                                                                                                                                                                                        ;
+-----------------------------------+-------------------+--------------+-------------+--------------+---------+-----------+------+--------------+-----------------------------------------------------------------------------+--------------+
; Compilation Hierarchy Node        ; LC Combinationals ; LC Registers ; Memory Bits ; DSP Elements ; DSP 9x9 ; DSP 18x18 ; Pins ; Virtual Pins ; Full Hierarchy Name                                                         ; Library Name ;
+-----------------------------------+-------------------+--------------+-------------+--------------+---------+-----------+------+--------------+-----------------------------------------------------------------------------+--------------+
; |RegsiterFIleTest                 ; 88 (0)            ; 64 (0)       ; 0           ; 0            ; 0       ; 0         ; 106  ; 0            ; |RegsiterFIleTest                                                           ; work         ;
;    |RegisterFile:inst|            ; 88 (8)            ; 64 (0)       ; 0           ; 0            ; 0       ; 0         ; 0    ; 0            ; |RegsiterFIleTest|RegisterFile:inst                                         ; work         ;
;       |ByteRegister:\loop1:0:Reg| ; 0 (0)             ; 8 (0)        ; 0           ; 0            ; 0       ; 0         ; 0    ; 0            ; |RegsiterFIleTest|RegisterFile:inst|ByteRegister:\loop1:0:Reg               ; work         ;
;          |enARdFF_2:ff0|          ; 0 (0)             ; 1 (1)        ; 0           ; 0            ; 0       ; 0         ; 0    ; 0            ; |RegsiterFIleTest|RegisterFile:inst|ByteRegister:\loop1:0:Reg|enARdFF_2:ff0 ; work         ;
;          |enARdFF_2:ff1|          ; 0 (0)             ; 1 (1)        ; 0           ; 0            ; 0       ; 0         ; 0    ; 0            ; |RegsiterFIleTest|RegisterFile:inst|ByteRegister:\loop1:0:Reg|enARdFF_2:ff1 ; work         ;
;          |enARdFF_2:ff2|          ; 0 (0)             ; 1 (1)        ; 0           ; 0            ; 0       ; 0         ; 0    ; 0            ; |RegsiterFIleTest|RegisterFile:inst|ByteRegister:\loop1:0:Reg|enARdFF_2:ff2 ; work         ;
;          |enARdFF_2:ff3|          ; 0 (0)             ; 1 (1)        ; 0           ; 0            ; 0       ; 0         ; 0    ; 0            ; |RegsiterFIleTest|RegisterFile:inst|ByteRegister:\loop1:0:Reg|enARdFF_2:ff3 ; work         ;
;          |enARdFF_2:ff4|          ; 0 (0)             ; 1 (1)        ; 0           ; 0            ; 0       ; 0         ; 0    ; 0            ; |RegsiterFIleTest|RegisterFile:inst|ByteRegister:\loop1:0:Reg|enARdFF_2:ff4 ; work         ;
;          |enARdFF_2:ff5|          ; 0 (0)             ; 1 (1)        ; 0           ; 0            ; 0       ; 0         ; 0    ; 0            ; |RegsiterFIleTest|RegisterFile:inst|ByteRegister:\loop1:0:Reg|enARdFF_2:ff5 ; work         ;
;          |enARdFF_2:ff6|          ; 0 (0)             ; 1 (1)        ; 0           ; 0            ; 0       ; 0         ; 0    ; 0            ; |RegsiterFIleTest|RegisterFile:inst|ByteRegister:\loop1:0:Reg|enARdFF_2:ff6 ; work         ;
;          |enARdFF_2:ff7|          ; 0 (0)             ; 1 (1)        ; 0           ; 0            ; 0       ; 0         ; 0    ; 0            ; |RegsiterFIleTest|RegisterFile:inst|ByteRegister:\loop1:0:Reg|enARdFF_2:ff7 ; work         ;
;       |ByteRegister:\loop1:1:Reg| ; 0 (0)             ; 8 (0)        ; 0           ; 0            ; 0       ; 0         ; 0    ; 0            ; |RegsiterFIleTest|RegisterFile:inst|ByteRegister:\loop1:1:Reg               ; work         ;
;          |enARdFF_2:ff0|          ; 0 (0)             ; 1 (1)        ; 0           ; 0            ; 0       ; 0         ; 0    ; 0            ; |RegsiterFIleTest|RegisterFile:inst|ByteRegister:\loop1:1:Reg|enARdFF_2:ff0 ; work         ;
;          |enARdFF_2:ff1|          ; 0 (0)             ; 1 (1)        ; 0           ; 0            ; 0       ; 0         ; 0    ; 0            ; |RegsiterFIleTest|RegisterFile:inst|ByteRegister:\loop1:1:Reg|enARdFF_2:ff1 ; work         ;
;          |enARdFF_2:ff2|          ; 0 (0)             ; 1 (1)        ; 0           ; 0            ; 0       ; 0         ; 0    ; 0            ; |RegsiterFIleTest|RegisterFile:inst|ByteRegister:\loop1:1:Reg|enARdFF_2:ff2 ; work         ;
;          |enARdFF_2:ff3|          ; 0 (0)             ; 1 (1)        ; 0           ; 0            ; 0       ; 0         ; 0    ; 0            ; |RegsiterFIleTest|RegisterFile:inst|ByteRegister:\loop1:1:Reg|enARdFF_2:ff3 ; work         ;
;          |enARdFF_2:ff4|          ; 0 (0)             ; 1 (1)        ; 0           ; 0            ; 0       ; 0         ; 0    ; 0            ; |RegsiterFIleTest|RegisterFile:inst|ByteRegister:\loop1:1:Reg|enARdFF_2:ff4 ; work         ;
;          |enARdFF_2:ff5|          ; 0 (0)             ; 1 (1)        ; 0           ; 0            ; 0       ; 0         ; 0    ; 0            ; |RegsiterFIleTest|RegisterFile:inst|ByteRegister:\loop1:1:Reg|enARdFF_2:ff5 ; work         ;
;          |enARdFF_2:ff6|          ; 0 (0)             ; 1 (1)        ; 0           ; 0            ; 0       ; 0         ; 0    ; 0            ; |RegsiterFIleTest|RegisterFile:inst|ByteRegister:\loop1:1:Reg|enARdFF_2:ff6 ; work         ;
;          |enARdFF_2:ff7|          ; 0 (0)             ; 1 (1)        ; 0           ; 0            ; 0       ; 0         ; 0    ; 0            ; |RegsiterFIleTest|RegisterFile:inst|ByteRegister:\loop1:1:Reg|enARdFF_2:ff7 ; work         ;
;       |ByteRegister:\loop1:2:Reg| ; 0 (0)             ; 8 (0)        ; 0           ; 0            ; 0       ; 0         ; 0    ; 0            ; |RegsiterFIleTest|RegisterFile:inst|ByteRegister:\loop1:2:Reg               ; work         ;
;          |enARdFF_2:ff0|          ; 0 (0)             ; 1 (1)        ; 0           ; 0            ; 0       ; 0         ; 0    ; 0            ; |RegsiterFIleTest|RegisterFile:inst|ByteRegister:\loop1:2:Reg|enARdFF_2:ff0 ; work         ;
;          |enARdFF_2:ff1|          ; 0 (0)             ; 1 (1)        ; 0           ; 0            ; 0       ; 0         ; 0    ; 0            ; |RegsiterFIleTest|RegisterFile:inst|ByteRegister:\loop1:2:Reg|enARdFF_2:ff1 ; work         ;
;          |enARdFF_2:ff2|          ; 0 (0)             ; 1 (1)        ; 0           ; 0            ; 0       ; 0         ; 0    ; 0            ; |RegsiterFIleTest|RegisterFile:inst|ByteRegister:\loop1:2:Reg|enARdFF_2:ff2 ; work         ;
;          |enARdFF_2:ff3|          ; 0 (0)             ; 1 (1)        ; 0           ; 0            ; 0       ; 0         ; 0    ; 0            ; |RegsiterFIleTest|RegisterFile:inst|ByteRegister:\loop1:2:Reg|enARdFF_2:ff3 ; work         ;
;          |enARdFF_2:ff4|          ; 0 (0)             ; 1 (1)        ; 0           ; 0            ; 0       ; 0         ; 0    ; 0            ; |RegsiterFIleTest|RegisterFile:inst|ByteRegister:\loop1:2:Reg|enARdFF_2:ff4 ; work         ;
;          |enARdFF_2:ff5|          ; 0 (0)             ; 1 (1)        ; 0           ; 0            ; 0       ; 0         ; 0    ; 0            ; |RegsiterFIleTest|RegisterFile:inst|ByteRegister:\loop1:2:Reg|enARdFF_2:ff5 ; work         ;
;          |enARdFF_2:ff6|          ; 0 (0)             ; 1 (1)        ; 0           ; 0            ; 0       ; 0         ; 0    ; 0            ; |RegsiterFIleTest|RegisterFile:inst|ByteRegister:\loop1:2:Reg|enARdFF_2:ff6 ; work         ;
;          |enARdFF_2:ff7|          ; 0 (0)             ; 1 (1)        ; 0           ; 0            ; 0       ; 0         ; 0    ; 0            ; |RegsiterFIleTest|RegisterFile:inst|ByteRegister:\loop1:2:Reg|enARdFF_2:ff7 ; work         ;
;       |ByteRegister:\loop1:3:Reg| ; 0 (0)             ; 8 (0)        ; 0           ; 0            ; 0       ; 0         ; 0    ; 0            ; |RegsiterFIleTest|RegisterFile:inst|ByteRegister:\loop1:3:Reg               ; work         ;
;          |enARdFF_2:ff0|          ; 0 (0)             ; 1 (1)        ; 0           ; 0            ; 0       ; 0         ; 0    ; 0            ; |RegsiterFIleTest|RegisterFile:inst|ByteRegister:\loop1:3:Reg|enARdFF_2:ff0 ; work         ;
;          |enARdFF_2:ff1|          ; 0 (0)             ; 1 (1)        ; 0           ; 0            ; 0       ; 0         ; 0    ; 0            ; |RegsiterFIleTest|RegisterFile:inst|ByteRegister:\loop1:3:Reg|enARdFF_2:ff1 ; work         ;
;          |enARdFF_2:ff2|          ; 0 (0)             ; 1 (1)        ; 0           ; 0            ; 0       ; 0         ; 0    ; 0            ; |RegsiterFIleTest|RegisterFile:inst|ByteRegister:\loop1:3:Reg|enARdFF_2:ff2 ; work         ;
;          |enARdFF_2:ff3|          ; 0 (0)             ; 1 (1)        ; 0           ; 0            ; 0       ; 0         ; 0    ; 0            ; |RegsiterFIleTest|RegisterFile:inst|ByteRegister:\loop1:3:Reg|enARdFF_2:ff3 ; work         ;
;          |enARdFF_2:ff4|          ; 0 (0)             ; 1 (1)        ; 0           ; 0            ; 0       ; 0         ; 0    ; 0            ; |RegsiterFIleTest|RegisterFile:inst|ByteRegister:\loop1:3:Reg|enARdFF_2:ff4 ; work         ;
;          |enARdFF_2:ff5|          ; 0 (0)             ; 1 (1)        ; 0           ; 0            ; 0       ; 0         ; 0    ; 0            ; |RegsiterFIleTest|RegisterFile:inst|ByteRegister:\loop1:3:Reg|enARdFF_2:ff5 ; work         ;
;          |enARdFF_2:ff6|          ; 0 (0)             ; 1 (1)        ; 0           ; 0            ; 0       ; 0         ; 0    ; 0            ; |RegsiterFIleTest|RegisterFile:inst|ByteRegister:\loop1:3:Reg|enARdFF_2:ff6 ; work         ;
;          |enARdFF_2:ff7|          ; 0 (0)             ; 1 (1)        ; 0           ; 0            ; 0       ; 0         ; 0    ; 0            ; |RegsiterFIleTest|RegisterFile:inst|ByteRegister:\loop1:3:Reg|enARdFF_2:ff7 ; work         ;
;       |ByteRegister:\loop1:4:Reg| ; 0 (0)             ; 8 (0)        ; 0           ; 0            ; 0       ; 0         ; 0    ; 0            ; |RegsiterFIleTest|RegisterFile:inst|ByteRegister:\loop1:4:Reg               ; work         ;
;          |enARdFF_2:ff0|          ; 0 (0)             ; 1 (1)        ; 0           ; 0            ; 0       ; 0         ; 0    ; 0            ; |RegsiterFIleTest|RegisterFile:inst|ByteRegister:\loop1:4:Reg|enARdFF_2:ff0 ; work         ;
;          |enARdFF_2:ff1|          ; 0 (0)             ; 1 (1)        ; 0           ; 0            ; 0       ; 0         ; 0    ; 0            ; |RegsiterFIleTest|RegisterFile:inst|ByteRegister:\loop1:4:Reg|enARdFF_2:ff1 ; work         ;
;          |enARdFF_2:ff2|          ; 0 (0)             ; 1 (1)        ; 0           ; 0            ; 0       ; 0         ; 0    ; 0            ; |RegsiterFIleTest|RegisterFile:inst|ByteRegister:\loop1:4:Reg|enARdFF_2:ff2 ; work         ;
;          |enARdFF_2:ff3|          ; 0 (0)             ; 1 (1)        ; 0           ; 0            ; 0       ; 0         ; 0    ; 0            ; |RegsiterFIleTest|RegisterFile:inst|ByteRegister:\loop1:4:Reg|enARdFF_2:ff3 ; work         ;
;          |enARdFF_2:ff4|          ; 0 (0)             ; 1 (1)        ; 0           ; 0            ; 0       ; 0         ; 0    ; 0            ; |RegsiterFIleTest|RegisterFile:inst|ByteRegister:\loop1:4:Reg|enARdFF_2:ff4 ; work         ;
;          |enARdFF_2:ff5|          ; 0 (0)             ; 1 (1)        ; 0           ; 0            ; 0       ; 0         ; 0    ; 0            ; |RegsiterFIleTest|RegisterFile:inst|ByteRegister:\loop1:4:Reg|enARdFF_2:ff5 ; work         ;
;          |enARdFF_2:ff6|          ; 0 (0)             ; 1 (1)        ; 0           ; 0            ; 0       ; 0         ; 0    ; 0            ; |RegsiterFIleTest|RegisterFile:inst|ByteRegister:\loop1:4:Reg|enARdFF_2:ff6 ; work         ;
;          |enARdFF_2:ff7|          ; 0 (0)             ; 1 (1)        ; 0           ; 0            ; 0       ; 0         ; 0    ; 0            ; |RegsiterFIleTest|RegisterFile:inst|ByteRegister:\loop1:4:Reg|enARdFF_2:ff7 ; work         ;
;       |ByteRegister:\loop1:5:Reg| ; 0 (0)             ; 8 (0)        ; 0           ; 0            ; 0       ; 0         ; 0    ; 0            ; |RegsiterFIleTest|RegisterFile:inst|ByteRegister:\loop1:5:Reg               ; work         ;
;          |enARdFF_2:ff0|          ; 0 (0)             ; 1 (1)        ; 0           ; 0            ; 0       ; 0         ; 0    ; 0            ; |RegsiterFIleTest|RegisterFile:inst|ByteRegister:\loop1:5:Reg|enARdFF_2:ff0 ; work         ;
;          |enARdFF_2:ff1|          ; 0 (0)             ; 1 (1)        ; 0           ; 0            ; 0       ; 0         ; 0    ; 0            ; |RegsiterFIleTest|RegisterFile:inst|ByteRegister:\loop1:5:Reg|enARdFF_2:ff1 ; work         ;
;          |enARdFF_2:ff2|          ; 0 (0)             ; 1 (1)        ; 0           ; 0            ; 0       ; 0         ; 0    ; 0            ; |RegsiterFIleTest|RegisterFile:inst|ByteRegister:\loop1:5:Reg|enARdFF_2:ff2 ; work         ;
;          |enARdFF_2:ff3|          ; 0 (0)             ; 1 (1)        ; 0           ; 0            ; 0       ; 0         ; 0    ; 0            ; |RegsiterFIleTest|RegisterFile:inst|ByteRegister:\loop1:5:Reg|enARdFF_2:ff3 ; work         ;
;          |enARdFF_2:ff4|          ; 0 (0)             ; 1 (1)        ; 0           ; 0            ; 0       ; 0         ; 0    ; 0            ; |RegsiterFIleTest|RegisterFile:inst|ByteRegister:\loop1:5:Reg|enARdFF_2:ff4 ; work         ;
;          |enARdFF_2:ff5|          ; 0 (0)             ; 1 (1)        ; 0           ; 0            ; 0       ; 0         ; 0    ; 0            ; |RegsiterFIleTest|RegisterFile:inst|ByteRegister:\loop1:5:Reg|enARdFF_2:ff5 ; work         ;
;          |enARdFF_2:ff6|          ; 0 (0)             ; 1 (1)        ; 0           ; 0            ; 0       ; 0         ; 0    ; 0            ; |RegsiterFIleTest|RegisterFile:inst|ByteRegister:\loop1:5:Reg|enARdFF_2:ff6 ; work         ;
;          |enARdFF_2:ff7|          ; 0 (0)             ; 1 (1)        ; 0           ; 0            ; 0       ; 0         ; 0    ; 0            ; |RegsiterFIleTest|RegisterFile:inst|ByteRegister:\loop1:5:Reg|enARdFF_2:ff7 ; work         ;
;       |ByteRegister:\loop1:6:Reg| ; 0 (0)             ; 8 (0)        ; 0           ; 0            ; 0       ; 0         ; 0    ; 0            ; |RegsiterFIleTest|RegisterFile:inst|ByteRegister:\loop1:6:Reg               ; work         ;
;          |enARdFF_2:ff0|          ; 0 (0)             ; 1 (1)        ; 0           ; 0            ; 0       ; 0         ; 0    ; 0            ; |RegsiterFIleTest|RegisterFile:inst|ByteRegister:\loop1:6:Reg|enARdFF_2:ff0 ; work         ;
;          |enARdFF_2:ff1|          ; 0 (0)             ; 1 (1)        ; 0           ; 0            ; 0       ; 0         ; 0    ; 0            ; |RegsiterFIleTest|RegisterFile:inst|ByteRegister:\loop1:6:Reg|enARdFF_2:ff1 ; work         ;
;          |enARdFF_2:ff2|          ; 0 (0)             ; 1 (1)        ; 0           ; 0            ; 0       ; 0         ; 0    ; 0            ; |RegsiterFIleTest|RegisterFile:inst|ByteRegister:\loop1:6:Reg|enARdFF_2:ff2 ; work         ;
;          |enARdFF_2:ff3|          ; 0 (0)             ; 1 (1)        ; 0           ; 0            ; 0       ; 0         ; 0    ; 0            ; |RegsiterFIleTest|RegisterFile:inst|ByteRegister:\loop1:6:Reg|enARdFF_2:ff3 ; work         ;
;          |enARdFF_2:ff4|          ; 0 (0)             ; 1 (1)        ; 0           ; 0            ; 0       ; 0         ; 0    ; 0            ; |RegsiterFIleTest|RegisterFile:inst|ByteRegister:\loop1:6:Reg|enARdFF_2:ff4 ; work         ;
;          |enARdFF_2:ff5|          ; 0 (0)             ; 1 (1)        ; 0           ; 0            ; 0       ; 0         ; 0    ; 0            ; |RegsiterFIleTest|RegisterFile:inst|ByteRegister:\loop1:6:Reg|enARdFF_2:ff5 ; work         ;
;          |enARdFF_2:ff6|          ; 0 (0)             ; 1 (1)        ; 0           ; 0            ; 0       ; 0         ; 0    ; 0            ; |RegsiterFIleTest|RegisterFile:inst|ByteRegister:\loop1:6:Reg|enARdFF_2:ff6 ; work         ;
;          |enARdFF_2:ff7|          ; 0 (0)             ; 1 (1)        ; 0           ; 0            ; 0       ; 0         ; 0    ; 0            ; |RegsiterFIleTest|RegisterFile:inst|ByteRegister:\loop1:6:Reg|enARdFF_2:ff7 ; work         ;
;       |ByteRegister:\loop1:7:Reg| ; 0 (0)             ; 8 (0)        ; 0           ; 0            ; 0       ; 0         ; 0    ; 0            ; |RegsiterFIleTest|RegisterFile:inst|ByteRegister:\loop1:7:Reg               ; work         ;
;          |enARdFF_2:ff0|          ; 0 (0)             ; 1 (1)        ; 0           ; 0            ; 0       ; 0         ; 0    ; 0            ; |RegsiterFIleTest|RegisterFile:inst|ByteRegister:\loop1:7:Reg|enARdFF_2:ff0 ; work         ;
;          |enARdFF_2:ff1|          ; 0 (0)             ; 1 (1)        ; 0           ; 0            ; 0       ; 0         ; 0    ; 0            ; |RegsiterFIleTest|RegisterFile:inst|ByteRegister:\loop1:7:Reg|enARdFF_2:ff1 ; work         ;
;          |enARdFF_2:ff2|          ; 0 (0)             ; 1 (1)        ; 0           ; 0            ; 0       ; 0         ; 0    ; 0            ; |RegsiterFIleTest|RegisterFile:inst|ByteRegister:\loop1:7:Reg|enARdFF_2:ff2 ; work         ;
;          |enARdFF_2:ff3|          ; 0 (0)             ; 1 (1)        ; 0           ; 0            ; 0       ; 0         ; 0    ; 0            ; |RegsiterFIleTest|RegisterFile:inst|ByteRegister:\loop1:7:Reg|enARdFF_2:ff3 ; work         ;
;          |enARdFF_2:ff4|          ; 0 (0)             ; 1 (1)        ; 0           ; 0            ; 0       ; 0         ; 0    ; 0            ; |RegsiterFIleTest|RegisterFile:inst|ByteRegister:\loop1:7:Reg|enARdFF_2:ff4 ; work         ;
;          |enARdFF_2:ff5|          ; 0 (0)             ; 1 (1)        ; 0           ; 0            ; 0       ; 0         ; 0    ; 0            ; |RegsiterFIleTest|RegisterFile:inst|ByteRegister:\loop1:7:Reg|enARdFF_2:ff5 ; work         ;
;          |enARdFF_2:ff6|          ; 0 (0)             ; 1 (1)        ; 0           ; 0            ; 0       ; 0         ; 0    ; 0            ; |RegsiterFIleTest|RegisterFile:inst|ByteRegister:\loop1:7:Reg|enARdFF_2:ff6 ; work         ;
;          |enARdFF_2:ff7|          ; 0 (0)             ; 1 (1)        ; 0           ; 0            ; 0       ; 0         ; 0    ; 0            ; |RegsiterFIleTest|RegisterFile:inst|ByteRegister:\loop1:7:Reg|enARdFF_2:ff7 ; work         ;
;       |mux8to1:mux1|              ; 40 (0)            ; 0 (0)        ; 0           ; 0            ; 0       ; 0         ; 0    ; 0            ; |RegsiterFIleTest|RegisterFile:inst|mux8to1:mux1                            ; work         ;
;          |mux2to1:mux|            ; 40 (40)           ; 0 (0)        ; 0           ; 0            ; 0       ; 0         ; 0    ; 0            ; |RegsiterFIleTest|RegisterFile:inst|mux8to1:mux1|mux2to1:mux                ; work         ;
;       |mux8to1:mux2|              ; 40 (0)            ; 0 (0)        ; 0           ; 0            ; 0       ; 0         ; 0    ; 0            ; |RegsiterFIleTest|RegisterFile:inst|mux8to1:mux2                            ; work         ;
;          |mux2to1:mux|            ; 40 (40)           ; 0 (0)        ; 0           ; 0            ; 0       ; 0         ; 0    ; 0            ; |RegsiterFIleTest|RegisterFile:inst|mux8to1:mux2|mux2to1:mux                ; work         ;
+-----------------------------------+-------------------+--------------+-------------+--------------+---------+-----------+------+--------------+-----------------------------------------------------------------------------+--------------+
Note: For table entries with two numbers listed, the numbers in parentheses indicate the number of resources of the given type used by the specific entity alone. The numbers listed outside of parentheses indicate the total resources of the given type used by the specific entity and all of its sub-entities in the hierarchy.


+------------------------------------------------------+
; General Register Statistics                          ;
+----------------------------------------------+-------+
; Statistic                                    ; Value ;
+----------------------------------------------+-------+
; Total registers                              ; 64    ;
; Number of registers using Synchronous Clear  ; 0     ;
; Number of registers using Synchronous Load   ; 0     ;
; Number of registers using Asynchronous Clear ; 64    ;
; Number of registers using Asynchronous Load  ; 0     ;
; Number of registers using Clock Enable       ; 64    ;
; Number of registers using Preset             ; 0     ;
+----------------------------------------------+-------+


+---------------------------------------------------------------------------------------------------------------------------------------------------------------------------------+
; Multiplexer Restructuring Statistics (Restructuring Performed)                                                                                                                  ;
+--------------------+-----------+---------------+----------------------+------------------------+------------+-------------------------------------------------------------------+
; Multiplexer Inputs ; Bus Width ; Baseline Area ; Area if Restructured ; Saving if Restructured ; Registered ; Example Multiplexer Output                                        ;
+--------------------+-----------+---------------+----------------------+------------------------+------------+-------------------------------------------------------------------+
; 3:1                ; 16 bits   ; 32 LEs        ; 32 LEs               ; 0 LEs                  ; No         ; |RegsiterFIleTest|RegisterFile:inst|mux8to1:mux1|mux4to1:mux0|o_O ;
; 3:1                ; 16 bits   ; 32 LEs        ; 32 LEs               ; 0 LEs                  ; No         ; |RegsiterFIleTest|RegisterFile:inst|mux8to1:mux2|mux4to1:mux0|o_O ;
+--------------------+-----------+---------------+----------------------+------------------------+------------+-------------------------------------------------------------------+


+-----------------------------------------------------------------------------+
; Parameter Settings for User Entity Instance: RegisterFile:inst|mux8to1:mux1 ;
+----------------+-------+----------------------------------------------------+
; Parameter Name ; Value ; Type                                               ;
+----------------+-------+----------------------------------------------------+
; num_bits       ; 8     ; Signed Integer                                     ;
+----------------+-------+----------------------------------------------------+
Note: In order to hide this table in the UI and the text report file, please set the "Show Parameter Settings in Synthesis Report" option in "Analysis and Synthesis Settings -> More Settings" to "Off".


+------------------------------------------------------------------------------------------+
; Parameter Settings for User Entity Instance: RegisterFile:inst|mux8to1:mux1|mux4to1:mux1 ;
+----------------+-------+-----------------------------------------------------------------+
; Parameter Name ; Value ; Type                                                            ;
+----------------+-------+-----------------------------------------------------------------+
; num_bits       ; 8     ; Signed Integer                                                  ;
+----------------+-------+-----------------------------------------------------------------+
Note: In order to hide this table in the UI and the text report file, please set the "Show Parameter Settings in Synthesis Report" option in "Analysis and Synthesis Settings -> More Settings" to "Off".


+------------------------------------------------------------------------------------------+
; Parameter Settings for User Entity Instance: RegisterFile:inst|mux8to1:mux1|mux4to1:mux0 ;
+----------------+-------+-----------------------------------------------------------------+
; Parameter Name ; Value ; Type                                                            ;
+----------------+-------+-----------------------------------------------------------------+
; num_bits       ; 8     ; Signed Integer                                                  ;
+----------------+-------+-----------------------------------------------------------------+
Note: In order to hide this table in the UI and the text report file, please set the "Show Parameter Settings in Synthesis Report" option in "Analysis and Synthesis Settings -> More Settings" to "Off".


+-----------------------------------------------------------------------------------------+
; Parameter Settings for User Entity Instance: RegisterFile:inst|mux8to1:mux1|mux2to1:mux ;
+----------------+-------+----------------------------------------------------------------+
; Parameter Name ; Value ; Type                                                           ;
+----------------+-------+----------------------------------------------------------------+
; num_bits       ; 8     ; Signed Integer                                                 ;
+----------------+-------+----------------------------------------------------------------+
Note: In order to hide this table in the UI and the text report file, please set the "Show Parameter Settings in Synthesis Report" option in "Analysis and Synthesis Settings -> More Settings" to "Off".


+-----------------------------------------------------------------------------+
; Parameter Settings for User Entity Instance: RegisterFile:inst|mux8to1:mux2 ;
+----------------+-------+----------------------------------------------------+
; Parameter Name ; Value ; Type                                               ;
+----------------+-------+----------------------------------------------------+
; num_bits       ; 8     ; Signed Integer                                     ;
+----------------+-------+----------------------------------------------------+
Note: In order to hide this table in the UI and the text report file, please set the "Show Parameter Settings in Synthesis Report" option in "Analysis and Synthesis Settings -> More Settings" to "Off".


+------------------------------------------------------------------------------------------+
; Parameter Settings for User Entity Instance: RegisterFile:inst|mux8to1:mux2|mux4to1:mux1 ;
+----------------+-------+-----------------------------------------------------------------+
; Parameter Name ; Value ; Type                                                            ;
+----------------+-------+-----------------------------------------------------------------+
; num_bits       ; 8     ; Signed Integer                                                  ;
+----------------+-------+-----------------------------------------------------------------+
Note: In order to hide this table in the UI and the text report file, please set the "Show Parameter Settings in Synthesis Report" option in "Analysis and Synthesis Settings -> More Settings" to "Off".


+------------------------------------------------------------------------------------------+
; Parameter Settings for User Entity Instance: RegisterFile:inst|mux8to1:mux2|mux4to1:mux0 ;
+----------------+-------+-----------------------------------------------------------------+
; Parameter Name ; Value ; Type                                                            ;
+----------------+-------+-----------------------------------------------------------------+
; num_bits       ; 8     ; Signed Integer                                                  ;
+----------------+-------+-----------------------------------------------------------------+
Note: In order to hide this table in the UI and the text report file, please set the "Show Parameter Settings in Synthesis Report" option in "Analysis and Synthesis Settings -> More Settings" to "Off".


+-----------------------------------------------------------------------------------------+
; Parameter Settings for User Entity Instance: RegisterFile:inst|mux8to1:mux2|mux2to1:mux ;
+----------------+-------+----------------------------------------------------------------+
; Parameter Name ; Value ; Type                                                           ;
+----------------+-------+----------------------------------------------------------------+
; num_bits       ; 8     ; Signed Integer                                                 ;
+----------------+-------+----------------------------------------------------------------+
Note: In order to hide this table in the UI and the text report file, please set the "Show Parameter Settings in Synthesis Report" option in "Analysis and Synthesis Settings -> More Settings" to "Off".


+------------------------------------------------------------------------------------------------------------------+
; Port Connectivity Checks: "RegisterFile:inst|ByteRegister:\loop1:7:Reg|enARdFF_2:ff0"                            ;
+--------+--------+----------+-------------------------------------------------------------------------------------+
; Port   ; Type   ; Severity ; Details                                                                             ;
+--------+--------+----------+-------------------------------------------------------------------------------------+
; o_qbar ; Output ; Info     ; Connected to dangling logic. Logic that only feeds a dangling port will be removed. ;
+--------+--------+----------+-------------------------------------------------------------------------------------+


+------------------------------------------------------------------------------------------------------------------+
; Port Connectivity Checks: "RegisterFile:inst|ByteRegister:\loop1:7:Reg|enARdFF_2:ff1"                            ;
+--------+--------+----------+-------------------------------------------------------------------------------------+
; Port   ; Type   ; Severity ; Details                                                                             ;
+--------+--------+----------+-------------------------------------------------------------------------------------+
; o_qbar ; Output ; Info     ; Connected to dangling logic. Logic that only feeds a dangling port will be removed. ;
+--------+--------+----------+-------------------------------------------------------------------------------------+


+------------------------------------------------------------------------------------------------------------------+
; Port Connectivity Checks: "RegisterFile:inst|ByteRegister:\loop1:7:Reg|enARdFF_2:ff2"                            ;
+--------+--------+----------+-------------------------------------------------------------------------------------+
; Port   ; Type   ; Severity ; Details                                                                             ;
+--------+--------+----------+-------------------------------------------------------------------------------------+
; o_qbar ; Output ; Info     ; Connected to dangling logic. Logic that only feeds a dangling port will be removed. ;
+--------+--------+----------+-------------------------------------------------------------------------------------+


+------------------------------------------------------------------------------------------------------------------+
; Port Connectivity Checks: "RegisterFile:inst|ByteRegister:\loop1:7:Reg|enARdFF_2:ff3"                            ;
+--------+--------+----------+-------------------------------------------------------------------------------------+
; Port   ; Type   ; Severity ; Details                                                                             ;
+--------+--------+----------+-------------------------------------------------------------------------------------+
; o_qbar ; Output ; Info     ; Connected to dangling logic. Logic that only feeds a dangling port will be removed. ;
+--------+--------+----------+-------------------------------------------------------------------------------------+


+------------------------------------------------------------------------------------------------------------------+
; Port Connectivity Checks: "RegisterFile:inst|ByteRegister:\loop1:7:Reg|enARdFF_2:ff4"                            ;
+--------+--------+----------+-------------------------------------------------------------------------------------+
; Port   ; Type   ; Severity ; Details                                                                             ;
+--------+--------+----------+-------------------------------------------------------------------------------------+
; o_qbar ; Output ; Info     ; Connected to dangling logic. Logic that only feeds a dangling port will be removed. ;
+--------+--------+----------+-------------------------------------------------------------------------------------+


+------------------------------------------------------------------------------------------------------------------+
; Port Connectivity Checks: "RegisterFile:inst|ByteRegister:\loop1:7:Reg|enARdFF_2:ff5"                            ;
+--------+--------+----------+-------------------------------------------------------------------------------------+
; Port   ; Type   ; Severity ; Details                                                                             ;
+--------+--------+----------+-------------------------------------------------------------------------------------+
; o_qbar ; Output ; Info     ; Connected to dangling logic. Logic that only feeds a dangling port will be removed. ;
+--------+--------+----------+-------------------------------------------------------------------------------------+


+------------------------------------------------------------------------------------------------------------------+
; Port Connectivity Checks: "RegisterFile:inst|ByteRegister:\loop1:7:Reg|enARdFF_2:ff6"                            ;
+--------+--------+----------+-------------------------------------------------------------------------------------+
; Port   ; Type   ; Severity ; Details                                                                             ;
+--------+--------+----------+-------------------------------------------------------------------------------------+
; o_qbar ; Output ; Info     ; Connected to dangling logic. Logic that only feeds a dangling port will be removed. ;
+--------+--------+----------+-------------------------------------------------------------------------------------+


+------------------------------------------------------------------------------------------------------------------+
; Port Connectivity Checks: "RegisterFile:inst|ByteRegister:\loop1:7:Reg|enARdFF_2:ff7"                            ;
+--------+--------+----------+-------------------------------------------------------------------------------------+
; Port   ; Type   ; Severity ; Details                                                                             ;
+--------+--------+----------+-------------------------------------------------------------------------------------+
; o_qbar ; Output ; Info     ; Connected to dangling logic. Logic that only feeds a dangling port will be removed. ;
+--------+--------+----------+-------------------------------------------------------------------------------------+


+------------------------------------------------------------------+
; Port Connectivity Checks: "RegisterFile:inst|Decode3to8:decoder" ;
+------+-------+----------+----------------------------------------+
; Port ; Type  ; Severity ; Details                                ;
+------+-------+----------+----------------------------------------+
; i_en ; Input ; Info     ; Stuck at VCC                           ;
+------+-------+----------+----------------------------------------+


+-------------------------------+
; Elapsed Time Per Partition    ;
+----------------+--------------+
; Partition Name ; Elapsed Time ;
+----------------+--------------+
; Top            ; 00:00:00     ;
+----------------+--------------+


+-------------------------------+
; Analysis & Synthesis Messages ;
+-------------------------------+
Info: *******************************************************************
Info: Running Quartus II 64-Bit Analysis & Synthesis
    Info: Version 13.0.1 Build 232 06/12/2013 Service Pack 1 SJ Web Edition
    Info: Processing started: Fri Jun 21 13:00:39 2024
Info: Command: quartus_map --read_settings_files=on --write_settings_files=off 3156lab2 -c 3156lab2
Warning (20028): Parallel compilation is not licensed and has been disabled
Info (12021): Found 2 design units, including 1 entities, in source file mux2to1.vhd
    Info (12022): Found design unit 1: mux2to1-rtl
    Info (12023): Found entity 1: mux2to1
Info (12021): Found 1 design units, including 1 entities, in source file alu_test.bdf
    Info (12023): Found entity 1: ALU_test
Info (12021): Found 2 design units, including 1 entities, in source file enardff_2.vhd
    Info (12022): Found design unit 1: enARdFF_2-rtl
    Info (12023): Found entity 1: enARdFF_2
Info (12021): Found 2 design units, including 1 entities, in source file registerfile.vhd
    Info (12022): Found design unit 1: RegisterFile-rtl
    Info (12023): Found entity 1: RegisterFile
Info (12021): Found 2 design units, including 1 entities, in source file onebitadder.vhd
    Info (12022): Found design unit 1: oneBitAdder-rtl
    Info (12023): Found entity 1: oneBitAdder
Info (12021): Found 2 design units, including 1 entities, in source file mux8to1.vhd
    Info (12022): Found design unit 1: mux8to1-rtl
    Info (12023): Found entity 1: mux8to1
Info (12021): Found 2 design units, including 1 entities, in source file mux4to1.vhd
    Info (12022): Found design unit 1: mux4to1-rtl
    Info (12023): Found entity 1: mux4to1
Info (12021): Found 2 design units, including 1 entities, in source file decode3to8.vhd
    Info (12022): Found design unit 1: Decode3to8-rtl
    Info (12023): Found entity 1: Decode3to8
Info (12021): Found 2 design units, including 1 entities, in source file decode2to4.vhd
    Info (12022): Found design unit 1: Decode2to4-rtl
    Info (12023): Found entity 1: Decode2to4
Info (12021): Found 2 design units, including 1 entities, in source file controlpath.vhd
    Info (12022): Found design unit 1: controlpath-rtl
    Info (12023): Found entity 1: controlpath
Info (12021): Found 2 design units, including 1 entities, in source file byteregister.vhd
    Info (12022): Found design unit 1: ByteRegister-rtl
    Info (12023): Found entity 1: ByteRegister
Info (12021): Found 2 design units, including 1 entities, in source file byteadder.vhd
    Info (12022): Found design unit 1: ByteAdder-rtl
    Info (12023): Found entity 1: ByteAdder
Info (12021): Found 2 design units, including 1 entities, in source file alucontrol.vhd
    Info (12022): Found design unit 1: ALUControl-rtl
    Info (12023): Found entity 1: ALUControl
Warning (12019): Can't analyze file -- file ALU.vhd is missing
Info (12021): Found 1 design units, including 1 entities, in source file regsiterfiletest.bdf
    Info (12023): Found entity 1: RegsiterFIleTest
Info (12021): Found 1 design units, including 1 entities, in source file mux8to1test.bdf
    Info (12023): Found entity 1: mux8to1test
Info (12127): Elaborating entity "RegsiterFIleTest" for the top level hierarchy
Info (12128): Elaborating entity "RegisterFile" for hierarchy "RegisterFile:inst"
Info (12128): Elaborating entity "mux8to1" for hierarchy "RegisterFile:inst|mux8to1:mux1"
Info (12128): Elaborating entity "mux4to1" for hierarchy "RegisterFile:inst|mux8to1:mux1|mux4to1:mux1"
Info (12128): Elaborating entity "mux2to1" for hierarchy "RegisterFile:inst|mux8to1:mux1|mux2to1:mux"
Info (12128): Elaborating entity "Decode3to8" for hierarchy "RegisterFile:inst|Decode3to8:decoder"
Info (12128): Elaborating entity "Decode2to4" for hierarchy "RegisterFile:inst|Decode3to8:decoder|Decode2to4:d1"
Info (12128): Elaborating entity "ByteRegister" for hierarchy "RegisterFile:inst|ByteRegister:\loop1:7:Reg"
Info (12128): Elaborating entity "enARdFF_2" for hierarchy "RegisterFile:inst|ByteRegister:\loop1:7:Reg|enARdFF_2:ff7"
Info (286030): Timing-Driven Synthesis is running
Info (16010): Generating hard_block partition "hard_block:auto_generated_inst"
    Info (16011): Adding 0 node(s), including 0 DDIO, 0 PLL, 0 transceiver and 0 LCELL
Warning (21074): Design contains 6 input pin(s) that do not drive logic
    Warning (15610): No output dependent on input pin "i_read1addr[4]"
    Warning (15610): No output dependent on input pin "i_read1addr[3]"
    Warning (15610): No output dependent on input pin "i_read2addr[4]"
    Warning (15610): No output dependent on input pin "i_read2addr[3]"
    Warning (15610): No output dependent on input pin "i_writeaddr[4]"
    Warning (15610): No output dependent on input pin "i_writeaddr[3]"
Info (21057): Implemented 258 device resources after synthesis - the final resource count might be different
    Info (21058): Implemented 26 input pins
    Info (21059): Implemented 80 output pins
    Info (21061): Implemented 152 logic cells
Info: Quartus II 64-Bit Analysis & Synthesis was successful. 0 errors, 9 warnings
    Info: Peak virtual memory: 4646 megabytes
    Info: Processing ended: Fri Jun 21 13:00:45 2024
    Info: Elapsed time: 00:00:06
    Info: Total CPU time (on all processors): 00:00:04


